#
# A fatal error has been detected by the Java Runtime Environment:
#
#  EXCEPTION_ACCESS_VIOLATION (0xc0000005) at pc=0x00007ff988cde123, pid=6636, tid=0x0000000000004674
#
# JRE version: Java(TM) SE Runtime Environment (8.0_121-b13) (build 1.8.0_121-b13)
# Java VM: Java HotSpot(TM) 64-Bit Server VM (25.121-b13 mixed mode windows-amd64 compressed oops)
# Problematic frame:
# C  [tbbmalloc.dll+0xe123]
#
# Failed to write core dump. Minidumps are not enabled by default on client versions of Windows
#
# If you would like to submit a bug report, please visit:
#   http://bugreport.java.com/bugreport/crash.jsp
# The crash happened outside the Java Virtual Machine in native code.
# See problematic frame for where to report the bug.
#

---------------  T H R E A D  ---------------

Current thread (0x000000002857e000):  JavaThread "AWT-EventQueue-0" [_thread_in_native, id=18036, stack(0x0000000028f90000,0x0000000029090000)]

siginfo: ExceptionCode=0xc0000005, reading address 0xffffffffebe97f51

Registers:
RAX=0x000000000000ffff, RBX=0x000000002ed98000, RCX=0x0000000000000340, RDX=0x0000000000000000
RSP=0x000000002908a9d0, RBP=0x000000002ed98000, RSI=0x0000000000000000, RDI=0x0000000000000000
R8 =0x0000000000000340, R9 =0x0000000000000000, R10=0x0000000000000001, R11=0x0000000000000000
R12=0x0000000000000001, R13=0x00007ff988ce9f20, R14=0x0000000000000001, R15=0x0000000000000001
RIP=0x00007ff988cde123, EFLAGS=0x0000000000010283

Top of Stack: (sp=0x000000002908a9d0)
0x000000002908a9d0:   0000000000000000 00007ff988cde602
0x000000002908a9e0:   0000000000000001 0000000000000000
0x000000002908a9f0:   00007ff988ce9f20 0000000000000001
0x000000002908aa00:   0000000000000001 00007ff988cddfc7
0x000000002908aa10:   000000002ed9c06c 000000002ed98000
0x000000002908aa20:   0000000000000000 000000002ed98000
0x000000002908aa30:   000000002ed98000 00000000004bef20
0x000000002908aa40:   0000000000000000 00007ff9c6200100
0x000000002908aa50:   000000000000000b 000000002cf74288
0x000000002908aa60:   00007ff988d0b414 0000000000000000
0x000000002908aa70:   00007ff988ce9f10 00007ff988d0b608
0x000000002908aa80:   0000000000000340 00007ff988ce9f10
0x000000002908aa90:   0000000000000000 00007ff988cdcee6
0x000000002908aaa0:   00007ff988ce9f10 0000000000000340
0x000000002908aab0:   000000000fee0000 0000ffff0fee0000
0x000000002908aac0:   00007ff988ce9f10 00007ff988cdd380 

Instructions: (pc=0x00007ff988cde123)
0x00007ff988cde103:   41 5e 5e c3 cc cc cc cc cc cc cc cc cc 83 f9 40
0x00007ff988cde113:   77 07 8d 41 ff c1 e8 03 c3 81 f9 00 04 00 00 57
0x00007ff988cde123:   12 8d 51 ff 0f bd c2 8d 48 fe d3 ea 83 c0 fb 8d
0x00007ff988cde133:   04 82 c3 81 f9 c0 0f 00 00 77 1d 81 f9 80 0a 00 


Register to memory mapping:

RAX=0x000000000000ffff is an unknown value
RBX=0x000000002ed98000 is an unknown value
RCX=0x0000000000000340 is an unknown value
RDX=0x0000000000000000 is an unknown value
RSP=0x000000002908a9d0 is pointing into the stack for thread: 0x000000002857e000
RBP=0x000000002ed98000 is an unknown value
RSI=0x0000000000000000 is an unknown value
RDI=0x0000000000000000 is an unknown value
R8 =0x0000000000000340 is an unknown value
R9 =0x0000000000000000 is an unknown value
R10=0x0000000000000001 is an unknown value
R11=0x0000000000000000 is an unknown value
R12=0x0000000000000001 is an unknown value
R13=0x00007ff988ce9f20 is an unknown value
R14=0x0000000000000001 is an unknown value
R15=0x0000000000000001 is an unknown value


Stack: [0x0000000028f90000,0x0000000029090000],  sp=0x000000002908a9d0,  free space=1002k
Native frames: (J=compiled Java code, j=interpreted, Vv=VM code, C=native code)
C  [tbbmalloc.dll+0xe123]

Java frames: (J=compiled Java code, j=interpreted, Vv=VM code)
j  java.lang.ClassLoader$NativeLibrary.load(Ljava/lang/String;Z)V+0
j  java.lang.ClassLoader.loadLibrary0(Ljava/lang/Class;Ljava/io/File;)Z+328
j  java.lang.ClassLoader.loadLibrary(Ljava/lang/Class;Ljava/lang/String;Z)V+290
j  java.lang.Runtime.loadLibrary0(Ljava/lang/Class;Ljava/lang/String;)V+54
j  java.lang.System.loadLibrary(Ljava/lang/String;)V+7
j  com.mathworks.services.settings.Setting.loadLibrary()V+37
j  com.mathworks.services.settings.SettingPath.<clinit>()V+17
v  ~StubRoutines::call_stub
j  com.mathworks.services.DisplayScaleFactorSetting.getValue()D+25
v  ~StubRoutines::call_stub
j  sun.reflect.NativeMethodAccessorImpl.invoke0(Ljava/lang/reflect/Method;Ljava/lang/Object;[Ljava/lang/Object;)Ljava/lang/Object;+0
j  sun.reflect.NativeMethodAccessorImpl.invoke(Ljava/lang/Object;[Ljava/lang/Object;)Ljava/lang/Object;+100
j  sun.reflect.DelegatingMethodAccessorImpl.invoke(Ljava/lang/Object;[Ljava/lang/Object;)Ljava/lang/Object;+6
j  java.lang.reflect.Method.invoke(Ljava/lang/Object;[Ljava/lang/Object;)Ljava/lang/Object;+56
j  com.mathworks.util.ResolutionUtils.<clinit>()V+85
v  ~StubRoutines::call_stub
j  com.mathworks.mwswing.plaf.PlafUtils.correctWindowsFonts()V+0
j  com.mathworks.mwswing.plaf.PlafUtils.correctWindowsLookAndFeel()V+3
j  com.mathworks.mwswing.plaf.PlafUtils.correctPlatformLookAndFeel()V+18
j  com.mathworks.mwswing.plaf.PlafUtils.setLookAndFeel()V+72
j  com.mathworks.fatalexit.FatalExitFrame.doMatlabLikeSetup()V+3
j  com.mathworks.fatalexit.FatalExitFrame.access$1400()V+0
j  com.mathworks.fatalexit.FatalExitFrame$13.run()V+485
j  java.awt.event.InvocationEvent.dispatch()V+47
j  java.awt.EventQueue.dispatchEventImpl(Ljava/awt/AWTEvent;Ljava/lang/Object;)V+21
j  java.awt.EventQueue.access$500(Ljava/awt/EventQueue;Ljava/awt/AWTEvent;Ljava/lang/Object;)V+3
j  java.awt.EventQueue$3.run()Ljava/lang/Void;+32
j  java.awt.EventQueue$3.run()Ljava/lang/Object;+1
v  ~StubRoutines::call_stub
j  java.security.AccessController.doPrivileged(Ljava/security/PrivilegedAction;Ljava/security/AccessControlContext;)Ljava/lang/Object;+0
j  java.security.ProtectionDomain$JavaSecurityAccessImpl.doIntersectionPrivilege(Ljava/security/PrivilegedAction;Ljava/security/AccessControlContext;Ljava/security/AccessControlContext;)Ljava/lang/Object;+18
j  java.awt.EventQueue.dispatchEvent(Ljava/awt/AWTEvent;)V+46
j  java.awt.EventDispatchThread.pumpOneEventForFilters(I)V+245
j  java.awt.EventDispatchThread.pumpEventsForFilter(ILjava/awt/Conditional;Ljava/awt/EventFilter;)V+35
j  java.awt.EventDispatchThread.pumpEventsForHierarchy(ILjava/awt/Conditional;Ljava/awt/Component;)V+11
j  java.awt.EventDispatchThread.pumpEvents(ILjava/awt/Conditional;)V+4
j  java.awt.EventDispatchThread.pumpEvents(Ljava/awt/Conditional;)V+3
j  java.awt.EventDispatchThread.run()V+9
v  ~StubRoutines::call_stub

---------------  P R O C E S S  ---------------

Java Threads: ( => current thread )
  0x00000000023c2800 JavaThread "DestroyJavaVM" [_thread_blocked, id=13144, stack(0x0000000002210000,0x0000000002310000)]
=>0x000000002857e000 JavaThread "AWT-EventQueue-0" [_thread_in_native, id=18036, stack(0x0000000028f90000,0x0000000029090000)]
  0x0000000028578800 JavaThread "AWT-Windows" daemon [_thread_in_native, id=9924, stack(0x0000000028d50000,0x0000000028e50000)]
  0x0000000028575800 JavaThread "AWT-Shutdown" [_thread_blocked, id=3704, stack(0x0000000028c50000,0x0000000028d50000)]
  0x0000000028575000 JavaThread "Java2D Disposer" daemon [_thread_blocked, id=6496, stack(0x0000000028b50000,0x0000000028c50000)]
  0x0000000027498000 JavaThread "Service Thread" daemon [_thread_blocked, id=8984, stack(0x0000000027fe0000,0x00000000280e0000)]
  0x0000000027404000 JavaThread "C1 CompilerThread3" daemon [_thread_blocked, id=1340, stack(0x0000000027ee0000,0x0000000027fe0000)]
  0x00000000273f4800 JavaThread "C2 CompilerThread2" daemon [_thread_blocked, id=6796, stack(0x0000000027de0000,0x0000000027ee0000)]
  0x00000000273f2800 JavaThread "C2 CompilerThread1" daemon [_thread_blocked, id=18164, stack(0x0000000027ce0000,0x0000000027de0000)]
  0x00000000273ec000 JavaThread "C2 CompilerThread0" daemon [_thread_blocked, id=2080, stack(0x0000000027be0000,0x0000000027ce0000)]
  0x00000000273eb000 JavaThread "Attach Listener" daemon [_thread_blocked, id=9636, stack(0x0000000027ae0000,0x0000000027be0000)]
  0x00000000273ea000 JavaThread "Signal Dispatcher" daemon [_thread_blocked, id=19404, stack(0x00000000279e0000,0x0000000027ae0000)]
  0x00000000273e1800 JavaThread "Finalizer" daemon [_thread_blocked, id=3636, stack(0x00000000277c0000,0x00000000278c0000)]
  0x00000000024b8000 JavaThread "Reference Handler" daemon [_thread_blocked, id=1196, stack(0x00000000272c0000,0x00000000273c0000)]

Other Threads:
  0x00000000254d8000 VMThread [stack: 0x00000000271c0000,0x00000000272c0000] [id=12084]
  0x0000000027448800 WatcherThread [stack: 0x0000000028250000,0x0000000028350000] [id=10320]

VM state:not at safepoint (normal execution)

VM Mutex/Monitor currently owned by a thread: None

Heap:
 PSYoungGen      total 153088K, used 15790K [0x0000000715800000, 0x0000000720280000, 0x00000007c0000000)
  eden space 131584K, 12% used [0x0000000715800000,0x000000071676baa8,0x000000071d880000)
  from space 21504K, 0% used [0x000000071ed80000,0x000000071ed80000,0x0000000720280000)
  to   space 21504K, 0% used [0x000000071d880000,0x000000071d880000,0x000000071ed80000)
 ParOldGen       total 349696K, used 0K [0x00000005c0800000, 0x00000005d5d80000, 0x0000000715800000)
  object space 349696K, 0% used [0x00000005c0800000,0x00000005c0800000,0x00000005d5d80000)
 Metaspace       used 7413K, capacity 7586K, committed 7680K, reserved 1056768K
  class space    used 875K, capacity 948K, committed 1024K, reserved 1048576K

Card table byte_map: [0x0000000011880000,0x0000000012880000] byte_map_base: 0x000000000ea7c000

Marking Bits: (ParMarkBitMap*) 0x0000000052a6b6d0
 Begin Bits: [0x0000000013b30000, 0x000000001bb10000)
 End Bits:   [0x000000001bb10000, 0x0000000023af0000)

Polling page: 0x00000000009d0000

CodeCache: size=245760Kb used=1822Kb max_used=1828Kb free=243937Kb
 bounds [0x00000000024c0000, 0x0000000002730000, 0x00000000114c0000]
 total_blobs=709 nmethods=349 adapters=273
 compilation: enabled

Compilation events (10 events):
Event: 0.363 Thread 0x00000000273f2800 nmethod 347 0x0000000002689010 code [0x0000000002689160, 0x0000000002689318]
Event: 0.363 Thread 0x0000000027404000 nmethod 345 0x0000000002682e50 code [0x0000000002683360, 0x0000000002686cc8]
Event: 0.363 Thread 0x0000000027404000  346       1       java.net.URLClassLoader::access$000 (5 bytes)
Event: 0.363 Thread 0x0000000027404000 nmethod 346 0x0000000002682b90 code [0x0000000002682ce0, 0x0000000002682dd0]
Event: 0.363 Thread 0x0000000027404000  348  s    3       java.lang.StringBuffer::append (13 bytes)
Event: 0.363 Thread 0x0000000027404000 nmethod 348 0x0000000002682010 code [0x0000000002682180, 0x00000000026824a8]
Event: 0.363 Thread 0x0000000027404000  344       3       java.lang.String::toLowerCase (8 bytes)
Event: 0.363 Thread 0x0000000027404000 nmethod 344 0x0000000002681910 code [0x0000000002681a80, 0x0000000002681d08]
Event: 0.364 Thread 0x0000000027404000  349       1       java.io.File::getPrefixLength (5 bytes)
Event: 0.364 Thread 0x0000000027404000 nmethod 349 0x0000000002681650 code [0x00000000026817a0, 0x00000000026818b0]

GC Heap History (0 events):
No events

Deoptimization events (0 events):
No events

Internal exceptions (10 events):
Event: 0.049 Thread 0x00000000023c2800 Exception <a 'java/lang/NoSuchMethodError': Method sun.misc.Unsafe.prefetchRead(Ljava/lang/Object;J)V name or signature does not match> (0x0000000715807f90) thrown at [C:\re\workspace\8-2-build-windows-amd64-cygwin\jdk8u121\8372\hotspot\src\share\vm\prims
Event: 0.085 Thread 0x00000000023c2800 Exception <a 'java/io/FileNotFoundException'> (0x000000071587b2b8) thrown at [C:\re\workspace\8-2-build-windows-amd64-cygwin\jdk8u121\8372\hotspot\src\share\vm\prims\jni.cpp, line 709]
Event: 0.114 Thread 0x00000000023c2800 Exception <a 'java/security/PrivilegedActionException'> (0x00000007158f0600) thrown at [C:\re\workspace\8-2-build-windows-amd64-cygwin\jdk8u121\8372\hotspot\src\share\vm\prims\jvm.cpp, line 1390]
Event: 0.114 Thread 0x00000000023c2800 Exception <a 'java/security/PrivilegedActionException'> (0x00000007158f0810) thrown at [C:\re\workspace\8-2-build-windows-amd64-cygwin\jdk8u121\8372\hotspot\src\share\vm\prims\jvm.cpp, line 1390]
Event: 0.114 Thread 0x00000000023c2800 Exception <a 'java/security/PrivilegedActionException'> (0x00000007158f5100) thrown at [C:\re\workspace\8-2-build-windows-amd64-cygwin\jdk8u121\8372\hotspot\src\share\vm\prims\jvm.cpp, line 1390]
Event: 0.114 Thread 0x00000000023c2800 Exception <a 'java/security/PrivilegedActionException'> (0x00000007158f5310) thrown at [C:\re\workspace\8-2-build-windows-amd64-cygwin\jdk8u121\8372\hotspot\src\share\vm\prims\jvm.cpp, line 1390]
Event: 0.135 Thread 0x00000000023c2800 Exception <a 'java/io/FileNotFoundException'> (0x00000007159465d0) thrown at [C:\re\workspace\8-2-build-windows-amd64-cygwin\jdk8u121\8372\hotspot\src\share\vm\prims\jni.cpp, line 709]
Event: 0.155 Thread 0x00000000023c2800 Exception <a 'java/lang/NoSuchFieldError': method resolution failed> (0x0000000715a13e60) thrown at [C:\re\workspace\8-2-build-windows-amd64-cygwin\jdk8u121\8372\hotspot\src\share\vm\prims\methodHandles.cpp, line 1146]
Event: 0.155 Thread 0x00000000023c2800 Exception <a 'java/lang/NoSuchFieldError': method resolution failed> (0x0000000715a211b0) thrown at [C:\re\workspace\8-2-build-windows-amd64-cygwin\jdk8u121\8372\hotspot\src\share\vm\prims\methodHandles.cpp, line 1146]
Event: 0.203 Thread 0x000000002857e000 Exception <a 'java/io/FileNotFoundException'> (0x00000007165179a0) thrown at [C:\re\workspace\8-2-build-windows-amd64-cygwin\jdk8u121\8372\hotspot\src\share\vm\prims\jni.cpp, line 709]

Events (10 events):
Event: 0.361 loading class java/awt/geom/RectangularShape
Event: 0.361 loading class java/awt/geom/RectangularShape done
Event: 0.361 loading class java/awt/geom/Rectangle2D done
Event: 0.361 loading class java/awt/Rectangle done
Event: 0.361 loading class com/mathworks/services/settings/SettingPath
Event: 0.361 loading class com/mathworks/services/settings/SettingPath done
Event: 0.362 loading class java/lang/IndexOutOfBoundsException
Event: 0.362 loading class java/lang/IndexOutOfBoundsException done
Event: 0.363 loading class com/mathworks/services/settings/SettingNameDuplicationException
Event: 0.363 loading class com/mathworks/services/settings/SettingNameDuplicationException done


Dynamic libraries:
0x00007ff6ddf50000 - 0x00007ff6ddf87000 	C:\Program Files\MATLAB\R2017b\sys\java\jre\win64\jre\bin\java.exe
0x00007ff9c61f0000 - 0x00007ff9c63e5000 	C:\Windows\SYSTEM32\ntdll.dll
0x00007ff9c4390000 - 0x00007ff9c444d000 	C:\Windows\System32\KERNEL32.DLL
0x00007ff9c3c70000 - 0x00007ff9c3f39000 	C:\Windows\System32\KERNELBASE.dll
0x00007ff9c5e20000 - 0x00007ff9c5ecc000 	C:\Windows\System32\ADVAPI32.dll
0x00007ff9c5ed0000 - 0x00007ff9c5f6e000 	C:\Windows\System32\msvcrt.dll
0x00007ff9c5d80000 - 0x00007ff9c5e1b000 	C:\Windows\System32\sechost.dll
0x00007ff9c47c0000 - 0x00007ff9c48ea000 	C:\Windows\System32\RPCRT4.dll
0x00007ff9c4e30000 - 0x00007ff9c4fd0000 	C:\Windows\System32\USER32.dll
0x00007ff9c3930000 - 0x00007ff9c3952000 	C:\Windows\System32\win32u.dll
0x00007ff9c5f70000 - 0x00007ff9c5f9a000 	C:\Windows\System32\GDI32.dll
0x00007ff9c3f40000 - 0x00007ff9c404b000 	C:\Windows\System32\gdi32full.dll
0x00007ff9c41c0000 - 0x00007ff9c425d000 	C:\Windows\System32\msvcp_win.dll
0x00007ff9c3b70000 - 0x00007ff9c3c70000 	C:\Windows\System32\ucrtbase.dll
0x00007ff9c2d30000 - 0x00007ff9c2fca000 	C:\Windows\WinSxS\amd64_microsoft.windows.common-controls_6595b64144ccf1df_6.0.19041.1110_none_60b5254171f9507e\COMCTL32.dll
0x00007ff9c5fa0000 - 0x00007ff9c5fd0000 	C:\Windows\System32\IMM32.DLL
0x0000000052170000 - 0x0000000052242000 	C:\Program Files\MATLAB\R2017b\sys\java\jre\win64\jre\bin\msvcr100.dll
0x0000000052250000 - 0x0000000052aeb000 	C:\Program Files\MATLAB\R2017b\sys\java\jre\win64\jre\bin\server\jvm.dll
0x00007ff9c4450000 - 0x00007ff9c4458000 	C:\Windows\System32\PSAPI.DLL
0x00007ff9bdaa0000 - 0x00007ff9bdaaa000 	C:\Windows\SYSTEM32\VERSION.dll
0x00007ff9b9bf0000 - 0x00007ff9b9c17000 	C:\Windows\SYSTEM32\WINMM.dll
0x00007ff9a5cb0000 - 0x00007ff9a5cb9000 	C:\Windows\SYSTEM32\WSOCK32.dll
0x00007ff9c5c60000 - 0x00007ff9c5ccb000 	C:\Windows\System32\WS2_32.dll
0x00000000541d0000 - 0x00000000541df000 	C:\Program Files\MATLAB\R2017b\sys\java\jre\win64\jre\bin\verify.dll
0x0000000052060000 - 0x0000000052089000 	C:\Program Files\MATLAB\R2017b\sys\java\jre\win64\jre\bin\java.dll
0x0000000052040000 - 0x0000000052056000 	C:\Program Files\MATLAB\R2017b\sys\java\jre\win64\jre\bin\zip.dll
0x00007ff9c51c0000 - 0x00007ff9c58ff000 	C:\Windows\System32\SHELL32.dll
0x00007ff9c13f0000 - 0x00007ff9c1b81000 	C:\Windows\SYSTEM32\windows.storage.dll
0x00007ff9c4460000 - 0x00007ff9c47b5000 	C:\Windows\System32\combase.dll
0x00007ff9c2bf0000 - 0x00007ff9c2c1c000 	C:\Windows\SYSTEM32\Wldp.dll
0x00007ff9c5cd0000 - 0x00007ff9c5d7e000 	C:\Windows\System32\SHCORE.dll
0x00007ff9c4d70000 - 0x00007ff9c4dc5000 	C:\Windows\System32\shlwapi.dll
0x00007ff9c3870000 - 0x00007ff9c388f000 	C:\Windows\SYSTEM32\profapi.dll
0x0000000051e50000 - 0x0000000051fe8000 	C:\Program Files\MATLAB\R2017b\sys\java\jre\win64\jre\bin\awt.dll
0x00007ff9c4fd0000 - 0x00007ff9c509d000 	C:\Windows\System32\OLEAUT32.dll
0x00007ff9c0600000 - 0x00007ff9c0690000 	C:\Windows\SYSTEM32\apphelp.dll
0x00007ff9c0790000 - 0x00007ff9c082e000 	C:\Windows\system32\uxtheme.dll
0x00007ff9c50a0000 - 0x00007ff9c51b5000 	C:\Windows\System32\MSCTF.dll
0x00007ff9c4260000 - 0x00007ff9c438a000 	C:\Windows\System32\ole32.dll
0x00007ff9c0b70000 - 0x00007ff9c0b82000 	C:\Windows\SYSTEM32\kernel.appcore.dll
0x00007ff9c40b0000 - 0x00007ff9c4133000 	C:\Windows\System32\bcryptPrimitives.dll
0x00007ff9c0990000 - 0x00007ff9c09bf000 	C:\Windows\system32\DWMAPI.DLL
0x00000000fa650000 - 0x00000000fa671000 	C:\Program Files\MATLAB\R2017b\bin\win64\nativejava.dll
0x00007ff9b67e0000 - 0x00007ff9b686d000 	C:\Windows\SYSTEM32\MSVCP140.dll
0x00000000fafd0000 - 0x00000000fafe3000 	C:\Program Files\MATLAB\R2017b\bin\win64\nativejava_services.dll
0x00000000fe9a0000 - 0x00000000fea97000 	C:\Program Files\MATLAB\R2017b\bin\win64\libut.dll
0x00000000ffff0000 - 0x000000010044a000 	C:\Program Files\MATLAB\R2017b\bin\win64\libmwservices.dll
0x00007ff9c5b00000 - 0x00007ff9c5bda000 	C:\Windows\System32\COMDLG32.dll
0x00007ff9b6220000 - 0x00007ff9b622c000 	C:\Windows\SYSTEM32\VCRUNTIME140_1.dll
0x00007ff9b6870000 - 0x00007ff9b688a000 	C:\Windows\SYSTEM32\VCRUNTIME140.dll
0x0000000180000000 - 0x0000000180035000 	C:\Program Files\MATLAB\R2017b\bin\win64\libmwfoundation_usm.dll
0x00007ff98b730000 - 0x00007ff98b757000 	C:\Program Files\MATLAB\R2017b\bin\win64\boost_filesystem-vc140-mt-1_56.dll
0x00007ff9b5aa0000 - 0x00007ff9b5aac000 	C:\Program Files\MATLAB\R2017b\bin\win64\boost_system-vc140-mt-1_56.dll
0x00007ff97c640000 - 0x00007ff97c6e8000 	C:\Program Files\MATLAB\R2017b\bin\win64\boost_log-vc140-mt-1_56.dll
0x00007ff994f70000 - 0x00007ff994f94000 	C:\Program Files\MATLAB\R2017b\bin\win64\boost_thread-vc140-mt-1_56.dll
0x00007ff9c32e0000 - 0x00007ff9c34c4000 	C:\Windows\SYSTEM32\dbghelp.dll
0x0000000052e20000 - 0x0000000052f7f000 	C:\Program Files\MATLAB\R2017b\bin\win64\icuuc56.dll
0x0000000052e00000 - 0x0000000052e12000 	C:\Program Files\MATLAB\R2017b\bin\win64\icuio56.dll
0x00007ff98e1c0000 - 0x00007ff98e1ff000 	C:\Program Files\MATLAB\R2017b\bin\win64\tbb.dll
0x00000000fe090000 - 0x00000000fe0e8000 	C:\Program Files\MATLAB\R2017b\bin\win64\libmwregexp.dll
0x00000000fdd10000 - 0x00000000fdfe6000 	C:\Program Files\MATLAB\R2017b\bin\win64\libmwms.dll
0x00000000fd610000 - 0x00000000fdbc5000 	C:\Program Files\MATLAB\R2017b\bin\win64\mlutil.dll
0x00007ff9b38e0000 - 0x00007ff9b38ee000 	C:\Program Files\MATLAB\R2017b\bin\win64\boost_chrono-vc140-mt-1_56.dll
0x00007ff98cd10000 - 0x00007ff98cd59000 	C:\Program Files\MATLAB\R2017b\bin\win64\boost_serialization-vc140-mt-1_56.dll
0x00007ff98eae0000 - 0x00007ff98eafc000 	C:\Program Files\MATLAB\R2017b\bin\win64\boost_iostreams-vc140-mt-1_56.dll
0x00007ff99b6f0000 - 0x00007ff99b705000 	C:\Program Files\MATLAB\R2017b\bin\win64\boost_date_time-vc140-mt-1_56.dll
0x00007ff9b6d70000 - 0x00007ff9b6d88000 	C:\Windows\SYSTEM32\NETAPI32.dll
0x00007ff9bc790000 - 0x00007ff9bc7ad000 	C:\Windows\SYSTEM32\dhcpcsvc.DLL
0x0000000052bd0000 - 0x0000000052dd4000 	C:\Program Files\MATLAB\R2017b\bin\win64\icuin56.dll
0x00007ff924a10000 - 0x00007ff924aff000 	C:\Program Files\MATLAB\R2017b\sys\java\jre\win64\jre\bin\MSVCR120.dll
0x00007ff924960000 - 0x00007ff924a06000 	C:\Program Files\MATLAB\R2017b\sys\java\jre\win64\jre\bin\MSVCP120.dll
0x0000000052de0000 - 0x0000000052df8000 	C:\Program Files\MATLAB\R2017b\bin\win64\zlib1.dll
0x000000002a110000 - 0x000000002a365000 	C:\Program Files\MATLAB\R2017b\bin\win64\libmwfl.dll
0x000000002a370000 - 0x000000002a527000 	C:\Program Files\MATLAB\R2017b\bin\win64\libmwi18n.dll
0x000000002a6f0000 - 0x000000002a848000 	C:\Program Files\MATLAB\R2017b\bin\win64\libmx.dll
0x000000002a850000 - 0x000000002a89f000 	C:\Program Files\MATLAB\R2017b\bin\win64\libmwcppmicroservices.dll
0x000000002a8a0000 - 0x000000002a8f1000 	C:\Program Files\MATLAB\R2017b\bin\win64\libmwlivecode.dll
0x000000002a900000 - 0x000000002a9b2000 	C:\Program Files\MATLAB\R2017b\bin\win64\mpath.dll
0x000000002a9c0000 - 0x000000002ad43000 	C:\Program Files\MATLAB\R2017b\bin\win64\settingscore.dll
0x000000002ad50000 - 0x000000002c536000 	C:\Program Files\MATLAB\R2017b\bin\win64\icudt56.dll
0x000000002c540000 - 0x000000002c6a6000 	C:\Program Files\MATLAB\R2017b\bin\win64\CppMicroServices3.dll
0x000000002c820000 - 0x000000002c87f000 	C:\Program Files\MATLAB\R2017b\bin\win64\libmwfoundation_extdata_array.dll
0x00000000ffef0000 - 0x00000000ffefb000 	C:\Program Files\MATLAB\R2017b\bin\win64\libmwresource_core.dll
0x00007ff9c3550000 - 0x00007ff9c359b000 	C:\Windows\SYSTEM32\POWRPROF.dll
0x00007ff98b0d0000 - 0x00007ff98b0f9000 	C:\Program Files\MATLAB\R2017b\bin\win64\LIBEXPAT.dll
0x00007ff9466c0000 - 0x00007ff9467d4000 	C:\Program Files\MATLAB\R2017b\bin\win64\boost_regex-vc140-mt-1_56.dll
0x00000000fd1b0000 - 0x00000000fd1e0000 	C:\Program Files\MATLAB\R2017b\bin\win64\opczippackage.dll
0x00000000fd2c0000 - 0x00000000fd32e000 	C:\Program Files\MATLAB\R2017b\bin\win64\opccore.dll
0x00000000fd130000 - 0x00000000fd1a2000 	C:\Program Files\MATLAB\R2017b\bin\win64\opcmwservices.dll
0x00007ff988cd0000 - 0x00007ff988d10000 	C:\Program Files\MATLAB\R2017b\bin\win64\tbbmalloc.dll
0x0000000052bb0000 - 0x0000000052bc1000 	C:\Program Files\MATLAB\R2017b\bin\win64\libminizip.dll
0x000000002a530000 - 0x000000002a6bd000 	C:\Program Files\MATLAB\R2017b\bin\win64\opcmodel.dll
0x000000002c6b0000 - 0x000000002c7d3000 	C:\Program Files\MATLAB\R2017b\bin\win64\libmwflstoragevfs.dll
0x000000002c8b0000 - 0x000000002c903000 	C:\Program Files\MATLAB\R2017b\bin\win64\libmwstorageshlibstoragesys.dll
0x000000002c910000 - 0x000000002cb71000 	C:\Program Files\MATLAB\R2017b\bin\win64\xerces-c_3_1.dll
0x000000002d060000 - 0x000000002d0e1000 	C:\Program Files\MATLAB\R2017b\bin\win64\xmlcore.dll
0x000000002c7e0000 - 0x000000002c816000 	C:\Program Files\MATLAB\R2017b\bin\win64\libmwflcrypto.dll
0x000000002d0f0000 - 0x000000002d287000 	C:\Program Files\MATLAB\R2017b\bin\win64\libmwflcryptocryptopp.dll
0x00007ff9c4190000 - 0x00007ff9c41b7000 	C:\Windows\System32\bcrypt.dll
0x000000002cb80000 - 0x000000002cc77000 	C:\Program Files\MATLAB\R2017b\bin\win64\libmwflstorageprovider.dll
0x000000002cc80000 - 0x000000002ceab000 	C:\Program Files\MATLAB\R2017b\bin\win64\libmwflnetwork.dll
0x000000002ceb0000 - 0x000000002ced2000 	C:\Program Files\MATLAB\R2017b\bin\win64\libmwflstorageevents.dll
0x000000002a6d0000 - 0x000000002a6ea000 	C:\Program Files\MATLAB\R2017b\bin\win64\libmwflcryptoutils.dll
0x000000002cee0000 - 0x000000002cf06000 	C:\Program Files\MATLAB\R2017b\bin\win64\libmwstoragesharedlib.dll
0x00007ff9c30d0000 - 0x00007ff9c30e2000 	C:\Windows\SYSTEM32\UMPDC.dll
0x00000000f9b90000 - 0x00000000f9c31000 	C:\Program Files\MATLAB\R2017b\bin\win64\nativesettings.dll
0x00000000fa830000 - 0x00000000fab46000 	C:\Program Files\MATLAB\R2017b\bin\win64\mvm.dll
0x000000002d5d0000 - 0x000000002d798000 	C:\Program Files\MATLAB\R2017b\bin\win64\jmi.dll
0x000000002d7a0000 - 0x000000002d916000 	C:\Program Files\MATLAB\R2017b\bin\win64\libmwmst.dll
0x00000000fcf90000 - 0x00000000fd108000 	C:\Program Files\MATLAB\R2017b\bin\win64\iqm.dll
0x00007ff9c2980000 - 0x00007ff9c29ea000 	C:\Windows\SYSTEM32\MSWSOCK.dll
0x000000002d920000 - 0x000000002da1b000 	C:\Program Files\MATLAB\R2017b\bin\win64\m_dispatcher.dll
0x000000002da90000 - 0x000000002e1f5000 	C:\Program Files\MATLAB\R2017b\bin\win64\m_parser.dll
0x000000002da20000 - 0x000000002da8e000 	C:\Program Files\MATLAB\R2017b\bin\win64\mcos.dll
0x000000002d010000 - 0x000000002d02a000 	C:\Program Files\MATLAB\R2017b\bin\win64\addons_javapath.dll
0x000000002e200000 - 0x000000002e488000 	C:\Program Files\MATLAB\R2017b\bin\win64\m_interpreter.dll
0x000000002e490000 - 0x000000002e4c1000 	C:\Program Files\MATLAB\R2017b\bin\win64\string_matrix.dll
0x000000002d030000 - 0x000000002d03d000 	C:\Program Files\MATLAB\R2017b\bin\win64\language_execution_interfaces.dll
0x000000002e4d0000 - 0x000000002e58d000 	C:\Program Files\MATLAB\R2017b\bin\win64\errorrecovery.dll
0x000000002e590000 - 0x000000002e69d000 	C:\Program Files\MATLAB\R2017b\bin\win64\libmwfoundation_matlabdata_matlab.dll
0x00000000fb660000 - 0x00000000fb67f000 	C:\Program Files\MATLAB\R2017b\bin\win64\ir_xfmr.dll
0x000000002e6a0000 - 0x000000002e79c000 	C:\Program Files\MATLAB\R2017b\bin\win64\libmwsearch_path_impl.dll
0x000000002e7a0000 - 0x000000002e7da000 	C:\Program Files\MATLAB\R2017b\bin\win64\ddux.dll
0x000000002e7e0000 - 0x000000002e84d000 	C:\Program Files\MATLAB\R2017b\bin\win64\namesuggestion.dll
0x000000002e850000 - 0x000000002e884000 	C:\Program Files\MATLAB\R2017b\bin\win64\contextdata.dll
0x000000002e890000 - 0x000000002e9a0000 	C:\Program Files\MATLAB\R2017b\bin\win64\libmwfoundation_matlabdata_standalone.dll
0x000000002e9a0000 - 0x000000002ea14000 	C:\Program Files\MATLAB\R2017b\bin\win64\m_ir.dll
0x000000002d040000 - 0x000000002d058000 	C:\Program Files\MATLAB\R2017b\bin\win64\mtok.dll

VM Arguments:
java_command: com.mathworks.fatalexit.FatalExitFrame C:\Users\HERNAN~1\AppData\Local\Temp\matlab_crash_dump.2248-1 -lucky
java_class_path (initial): C:\Program Files\MATLAB\R2017b\java\jar\cfbutils.jar;C:\Program Files\MATLAB\R2017b\java\jar\common.jar;C:\Program Files\MATLAB\R2017b\java\jar\fatalexit.jar;C:\Program Files\MATLAB\R2017b\java\jar\mlwebservices.jar;C:\Program Files\MATLAB\R2017b\java\jar\mwswing.jar;C:\Program Files\MATLAB\R2017b\java\jar\net.jar;C:\Program Files\MATLAB\R2017b\java\jar\services.jar;C:\Program Files\MATLAB\R2017b\java\jar\util.jar;C:\Program Files\MATLAB\R2017b\java\jar\mvm.jar;C:\Program Files\MATLAB\R2017b\java\jar\webproxy.jar;C:\Program Files\MATLAB\R2017b\java\jar\../jarext/webservices/udc_client/udc_client.jar;C:\Program Files\MATLAB\R2017b\java\jar\../jarext/webservices/urlmanager/urlmanager.jar;C:\Program Files\MATLAB\R2017b\java\jar\../jarext/webservices/ws_client_core/mw-service-client-core.jar;C:\Program Files\MATLAB\R2017b\java\jar\../jarext/commons-cli.jar;C:\Program Files\MATLAB\R2017b\java\jar\../jarext/commons-codec.jar;C:\Program Files\MATLAB\R2017b\java\jar\../jarext/commons-io.jar;C:\Program Files\MATLAB\R2017b\java\jar\../jarext/commons-lang.jar;C:\Program Files\MATLAB\R2017b\java\jar\../jarext/commons-logging.jar;C:\Program Files\MATLAB\R2017b\java\jar\../jarext/felix.jar;C:\Program Files\MATLAB\R2017b\java\jar\../jarext/jgoodies-looks.jar;C:\Program Files\MATLAB\R2017b\java\jar\../jarext/axis2/activation.jar;C:\Program Files\MATLAB\R2017b\java\jar\../jarext/axis2/axiom-api.jar;C:\Program Files\MATLAB\R2017b\java\jar\../jarext/axis2/axiom-impl.jar;C:\Program Files\MATLAB\R2017b\java\jar\../jarext/axis2/axis2-adb.jar;C:\Program Files\MATLAB\R2017b\java\jar\../jarext/axis2/axis2-kernel.jar;C:\Program Files\MATLAB\R2017b\java\jar\../jarext/axis2/axis2-transport-http.jar;C:\Program Files\MATLAB\R2017b\java\jar\../jarext/axis2/axis2-transport-local.jar;C:\Program Files\MATLAB\R2017b\java\jar\../jarext/axis2/commons-httpclient.jar;C:\Program Files\MATLAB\R2017b\java\jar\../jarext/axis2/geronimo-stax-api.jar;C:\Program Files\MATLAB\R2017b\j
Launcher Type: SUN_STANDARD

Environment Variables:
PATH=C:\Program Files\MATLAB\R2017b\bin\win64;C:\Program Files (x86)\NVIDIA Corporation\PhysX\Common;C:\Windows\system32;C:\Windows;C:\Windows\System32\Wbem;C:\Windows\System32\WindowsPowerShell\v1.0\;C:\Windows\System32\OpenSSH\;C:\Program Files\NVIDIA Corporation\NVIDIA NvDLISR;C:\Program Files\MATLAB\R2017b\runtime\win64;C:\Program Files\MATLAB\R2017b\bin;C:\Program Files\Microsoft SQL Server\Client SDK\ODBC\110\Tools\Binn\;C:\Program Files (x86)\Microsoft SQL Server\120\Tools\Binn\;C:\Program Files\Microsoft SQL Server\120\Tools\Binn\;C:\Program Files\Microsoft SQL Server\120\DTS\Binn\;C:\Program Files (x86)\Windows Kits\8.1\Windows Performance Toolkit\;C:\Program Files (x86)\Calibre2\;C:\Program Files\HDF_Group\HDF5\1.12.0\bin\;C:\Program Files\Docker\Docker\resources\bin;C:\ProgramData\DockerDesktop\version-bin;C:\Users\HernanRRD\AppData\Local\Programs\Python\Python37\Scripts\;C:\Users\HernanRRD\AppData\Local\Programs\Python\Python37\;C:\Users\HernanRRD\AppData\Local\Microsoft\WindowsApps;C:\Users\HernanRRD\AppData\Local\Programs\Microsoft VS Code\bin;C:\Users\HernanRRD\AppData\Local\GitHubDesktop\bin
USERNAME=HernanRRD
OS=Windows_NT
PROCESSOR_IDENTIFIER=Intel64 Family 6 Model 94 Stepping 3, GenuineIntel



---------------  S Y S T E M  ---------------

OS: Windows 10.0 , 64 bit Build 19041 (10.0.19041.1023)

CPU:total 8 (4 cores per cpu, 2 threads per core) family 6 model 94 stepping 3, cmov, cx8, fxsr, mmx, sse, sse2, sse3, ssse3, sse4.1, sse4.2, popcnt, avx, avx2, aes, clmul, erms, rtm, 3dnowpref, lzcnt, ht, tsc, tscinvbit, bmi1, bmi2, adx

Memory: 4k page, physical 33514184k(24705612k free), swap 38494920k(25994204k free)

vm_info: Java HotSpot(TM) 64-Bit Server VM (25.121-b13) for windows-amd64 JRE (1.8.0_121-b13), built on Dec 12 2016 18:21:36 by "java_re" with MS VC++ 10.0 (VS2010)

time: Sat Jul 24 16:33:07 2021
elapsed time: 0 seconds (0d 0h 0m 0s)

